 AIBEM2: Computed solution to the acoustic properties



 Acoustic frequency =   400.00  Hz

 Wavenumber =     7.31


    Acoustic properties at the boundary points


     index       Potential                   Pressure                        Velocity                 Intensity


       1  0.0000E+00+ 0.0000E+00 i    0.0000E+00+ 0.0000E+00 i        -.1641E+00+ 0.6937E-02           0.0000
       2  0.0000E+00+ 0.0000E+00 i    0.0000E+00+ 0.0000E+00 i        -.5003E+00+ 0.8151E-02           0.0000
       3  0.0000E+00+ 0.0000E+00 i    0.0000E+00+ 0.0000E+00 i        -.8328E+00+ 0.9184E-02           0.0000
       4  0.0000E+00+ 0.0000E+00 i    0.0000E+00+ 0.0000E+00 i        -.1162E+01+ 0.1014E-01           0.0000
       5  0.0000E+00+ 0.0000E+00 i    0.0000E+00+ 0.0000E+00 i        -.1486E+01+ 0.1101E-01           0.0000
       6  0.0000E+00+ 0.0000E+00 i    0.0000E+00+ 0.0000E+00 i        -.1803E+01+ 0.1163E-01           0.0000
       7  0.0000E+00+ 0.0000E+00 i    0.0000E+00+ 0.0000E+00 i        -.2108E+01+ 0.1144E-01           0.0000
       8  0.0000E+00+ 0.0000E+00 i    0.0000E+00+ 0.0000E+00 i        -.2490E+01+ 0.2469E-02           0.0000
       9  0.1595E-01+ 0.0000E+00 i    0.0000E+00+ 0.4829E+02 i        -.4048E-01+ 0.2025E-01           0.4890
      10  0.4777E-01+ 0.0000E+00 i    0.0000E+00+ 0.1447E+03 i        0.4244E+00+ 0.9757E-02           0.7058
      11  0.7940E-01+ 0.0000E+00 i    0.0000E+00+ 0.2405E+03 i        0.7260E+00+ 0.2394E-02           0.2878
      12  0.1107E+00+ 0.0000E+00 i    0.0000E+00+ 0.3352E+03 i        0.1014E+01+ -.3374E-02          -0.5656
      13  0.1415E+00+ 0.0000E+00 i    0.0000E+00+ 0.4286E+03 i        0.1295E+01+ -.8693E-02          -1.8629
      14  0.1718E+00+ 0.0000E+00 i    0.0000E+00+ 0.5202E+03 i        0.1571E+01+ -.1414E-01          -3.6766
      15  0.2013E+00+ 0.0000E+00 i    0.0000E+00+ 0.6096E+03 i        0.1845E+01+ -.2034E-01          -6.1990
      16  0.2300E+00+ 0.0000E+00 i    0.0000E+00+ 0.6965E+03 i        0.2325E+01+ -.2195E-01          -7.6433
      17  0.2300E+00+ 0.0000E+00 i    0.0000E+00+ 0.6965E+03 i        0.2325E+01+ -.2195E-01          -7.6433
      18  0.2013E+00+ 0.0000E+00 i    0.0000E+00+ 0.6096E+03 i        0.1845E+01+ -.2034E-01          -6.1991
      19  0.1718E+00+ 0.0000E+00 i    0.0000E+00+ 0.5202E+03 i        0.1571E+01+ -.1414E-01          -3.6766
      20  0.1415E+00+ 0.0000E+00 i    0.0000E+00+ 0.4286E+03 i        0.1295E+01+ -.8693E-02          -1.8629
      21  0.1107E+00+ 0.0000E+00 i    0.0000E+00+ 0.3352E+03 i        0.1014E+01+ -.3374E-02          -0.5656
      22  0.7940E-01+ 0.0000E+00 i    0.0000E+00+ 0.2405E+03 i        0.7260E+00+ 0.2393E-02           0.2878
      23  0.4777E-01+ 0.0000E+00 i    0.0000E+00+ 0.1447E+03 i        0.4244E+00+ 0.9757E-02           0.7058
      24  0.1595E-01+ 0.0000E+00 i    0.0000E+00+ 0.4829E+02 i        -.4048E-01+ 0.2025E-01           0.4890
      25  0.0000E+00+ 0.0000E+00 i    0.0000E+00+ 0.0000E+00 i        -.2490E+01+ 0.2469E-02           0.0000
      26  0.0000E+00+ 0.0000E+00 i    0.0000E+00+ 0.0000E+00 i        -.2108E+01+ 0.1144E-01           0.0000
      27  0.0000E+00+ 0.0000E+00 i    0.0000E+00+ 0.0000E+00 i        -.1803E+01+ 0.1163E-01           0.0000
      28  0.0000E+00+ 0.0000E+00 i    0.0000E+00+ 0.0000E+00 i        -.1486E+01+ 0.1101E-01           0.0000
      29  0.0000E+00+ 0.0000E+00 i    0.0000E+00+ 0.0000E+00 i        -.1162E+01+ 0.1014E-01           0.0000
      30  0.0000E+00+ 0.0000E+00 i    0.0000E+00+ 0.0000E+00 i        -.8328E+00+ 0.9184E-02           0.0000
      31  0.0000E+00+ 0.0000E+00 i    0.0000E+00+ 0.0000E+00 i        -.5003E+00+ 0.8151E-02           0.0000
      32  0.0000E+00+ 0.0000E+00 i    0.0000E+00+ 0.0000E+00 i        -.1641E+00+ 0.6937E-02           0.0000

    Sound pressure at the interior points

     index        Potential                    Pressure             Magnitude             Phase

       1  0.1589E-01+ 0.1183E-03 i    -.3582E+00+ 0.4813E+02 i    0.1276E+03 dB           1.5782
       2  0.4818E-01+ 0.4001E-04 i    -.1212E+00+ 0.1459E+03 i    0.1373E+03 dB           1.5716
       3  0.4818E-01+ 0.4001E-04 i    -.1212E+00+ 0.1459E+03 i    0.1373E+03 dB           1.5716
       4  0.1434E+00+ -.2577E-03 i    0.7806E+00+ 0.4342E+03 i    0.1467E+03 dB           1.5690
       5  0.6499E-01+ -.1422E-04 i    0.4307E-01+ 0.1968E+03 i    0.1399E+03 dB           1.5706



 Acoustic frequency =   400.00  Hz

 Wavenumber =     7.31


    Acoustic properties at the boundary points


     index       Potential                   Pressure                        Velocity                 Intensity


       1  -.3647E-03+ 0.8013E-03 i    -.2427E+01+ -.1105E+01 i        -.1668E+00+ 0.0000E+00           0.2024
       2  -.3205E-03+ 0.8641E-03 i    -.2617E+01+ -.9707E+00 i        -.4996E+00+ 0.0000E+00           0.6537
       3  -.2681E-03+ 0.9276E-03 i    -.2809E+01+ -.8120E+00 i        -.8304E+00+ 0.0000E+00           1.1664
       4  -.1668E-03+ 0.9850E-03 i    -.2983E+01+ -.5050E+00 i        -.1158E+01+ 0.0000E+00           1.7267
       5  0.3219E-04+ 0.1031E-02 i    -.3122E+01+ 0.9748E-01 i        -.1480E+01+ 0.0000E+00           2.3105
       6  0.4063E-03+ 0.1060E-02 i    -.3209E+01+ 0.1231E+01 i        -.1797E+01+ 0.0000E+00           2.8825
       7  0.1118E-02+ 0.1066E-02 i    -.3228E+01+ 0.3385E+01 i        -.2105E+01+ 0.0000E+00           3.3983
       8  0.2859E-02+ 0.1050E-02 i    -.3180E+01+ 0.8659E+01 i        -.2405E+01+ 0.0000E+00           3.8252
       9  0.1937E-01+ 0.9291E-03 i    -.2814E+01+ 0.5865E+02 i        0.1450E+00+ 0.0000E+00          -0.2040
      10  0.4881E-01+ 0.1150E-02 i    -.3484E+01+ 0.1478E+03 i        0.4344E+00+ 0.0000E+00          -0.7567
      11  0.7902E-01+ 0.1426E-02 i    -.4320E+01+ 0.2393E+03 i        0.7220E+00+ 0.0000E+00          -1.5596
      12  0.1092E+00+ 0.1723E-02 i    -.5219E+01+ 0.3306E+03 i        0.1007E+01+ 0.0000E+00          -2.6269
      13  0.1388E+00+ 0.2028E-02 i    -.6142E+01+ 0.4205E+03 i        0.1287E+01+ 0.0000E+00          -3.9528
      14  0.1677E+00+ 0.2333E-02 i    -.7065E+01+ 0.5080E+03 i        0.1562E+01+ 0.0000E+00          -5.5182
      15  0.1954E+00+ 0.2627E-02 i    -.7955E+01+ 0.5918E+03 i        0.1831E+01+ 0.0000E+00          -7.2816
      16  0.2205E+00+ 0.2877E-02 i    -.8712E+01+ 0.6679E+03 i        0.2092E+01+ 0.0000E+00          -9.1102
      17  0.2205E+00+ 0.2877E-02 i    -.8712E+01+ 0.6679E+03 i        0.2092E+01+ 0.0000E+00          -9.1102
      18  0.1954E+00+ 0.2627E-02 i    -.7955E+01+ 0.5918E+03 i        0.1831E+01+ 0.0000E+00          -7.2816
      19  0.1677E+00+ 0.2333E-02 i    -.7065E+01+ 0.5080E+03 i        0.1562E+01+ 0.0000E+00          -5.5182
      20  0.1388E+00+ 0.2028E-02 i    -.6142E+01+ 0.4205E+03 i        0.1287E+01+ 0.0000E+00          -3.9528
      21  0.1092E+00+ 0.1723E-02 i    -.5219E+01+ 0.3306E+03 i        0.1007E+01+ 0.0000E+00          -2.6269
      22  0.7902E-01+ 0.1426E-02 i    -.4320E+01+ 0.2393E+03 i        0.7220E+00+ 0.0000E+00          -1.5596
      23  0.4881E-01+ 0.1150E-02 i    -.3484E+01+ 0.1478E+03 i        0.4344E+00+ 0.0000E+00          -0.7567
      24  0.1937E-01+ 0.9291E-03 i    -.2814E+01+ 0.5865E+02 i        0.1450E+00+ 0.0000E+00          -0.2040
      25  0.2859E-02+ 0.1050E-02 i    -.3180E+01+ 0.8659E+01 i        -.2405E+01+ 0.0000E+00           3.8252
      26  0.1118E-02+ 0.1066E-02 i    -.3228E+01+ 0.3385E+01 i        -.2105E+01+ 0.0000E+00           3.3983
      27  0.4063E-03+ 0.1060E-02 i    -.3209E+01+ 0.1231E+01 i        -.1797E+01+ 0.0000E+00           2.8825
      28  0.3219E-04+ 0.1031E-02 i    -.3122E+01+ 0.9748E-01 i        -.1480E+01+ 0.0000E+00           2.3105
      29  -.1668E-03+ 0.9850E-03 i    -.2983E+01+ -.5050E+00 i        -.1158E+01+ 0.0000E+00           1.7267
      30  -.2681E-03+ 0.9276E-03 i    -.2809E+01+ -.8120E+00 i        -.8304E+00+ 0.0000E+00           1.1664
      31  -.3205E-03+ 0.8641E-03 i    -.2617E+01+ -.9707E+00 i        -.4996E+00+ 0.0000E+00           0.6537
      32  -.3647E-03+ 0.8013E-03 i    -.2427E+01+ -.1105E+01 i        -.1668E+00+ 0.0000E+00           0.2024

    Sound pressure at the interior points

     index        Potential                    Pressure             Magnitude             Phase

       1  0.1559E-01+ 0.1166E-02 i    -.3531E+01+ 0.4721E+02 i    0.1275E+03 dB           1.6454
       2  0.4805E-01+ 0.1369E-02 i    -.4145E+01+ 0.1455E+03 i    0.1372E+03 dB           1.5993
       3  0.4805E-01+ 0.1369E-02 i    -.4145E+01+ 0.1455E+03 i    0.1372E+03 dB           1.5993
       4  0.1398E+00+ 0.1898E-02 i    -.5748E+01+ 0.4233E+03 i    0.1465E+03 dB           1.5844
       5  0.6392E-01+ 0.1475E-02 i    -.4467E+01+ 0.1936E+03 i    0.1397E+03 dB           1.5939



 Acoustic frequency =   400.00  Hz

 Wavenumber =     7.31


    Acoustic properties at the boundary points


     index       Potential                   Pressure                        Velocity                 Intensity


       1  -.1813E+01+ 0.3210E-03 i    -.9721E+00+ -.5492E+04 i        0.0000E+00+ 0.0000E+00          -0.0000
       2  -.1827E+01+ 0.2720E-03 i    -.8237E+00+ -.5534E+04 i        0.0000E+00+ 0.0000E+00          -0.0000
       3  -.1855E+01+ 0.2822E-03 i    -.8548E+00+ -.5619E+04 i        0.0000E+00+ 0.0000E+00          -0.0000
       4  -.1895E+01+ 0.3356E-03 i    -.1016E+01+ -.5738E+04 i        0.0000E+00+ 0.0000E+00          -0.0000
       5  -.1938E+01+ 0.4039E-03 i    -.1223E+01+ -.5868E+04 i        0.0000E+00+ 0.0000E+00          -0.0000
       6  -.1976E+01+ 0.4646E-03 i    -.1407E+01+ -.5984E+04 i        0.0000E+00+ 0.0000E+00          -0.0000
       7  -.2004E+01+ 0.5079E-03 i    -.1538E+01+ -.6070E+04 i        0.0000E+00+ 0.0000E+00          -0.0000
       8  -.2019E+01+ 0.5301E-03 i    -.1605E+01+ -.6115E+04 i        0.0000E+00+ 0.0000E+00          -0.0000
       9  -.2020E+01+ 0.4892E-03 i    -.1481E+01+ -.6118E+04 i        0.0000E+00+ 0.0000E+00          -0.0000
      10  -.2018E+01+ 0.4470E-03 i    -.1354E+01+ -.6112E+04 i        0.0000E+00+ 0.0000E+00          -0.0000
      11  -.2016E+01+ 0.4173E-03 i    -.1264E+01+ -.6105E+04 i        0.0000E+00+ 0.0000E+00          -0.0000
      12  -.2014E+01+ 0.4012E-03 i    -.1215E+01+ -.6100E+04 i        0.0000E+00+ 0.0000E+00          -0.0000
      13  -.2014E+01+ 0.4012E-03 i    -.1215E+01+ -.6100E+04 i        0.0000E+00+ 0.0000E+00          -0.0000
      14  -.2016E+01+ 0.4173E-03 i    -.1264E+01+ -.6105E+04 i        0.0000E+00+ 0.0000E+00          -0.0000
      15  -.2018E+01+ 0.4470E-03 i    -.1354E+01+ -.6112E+04 i        0.0000E+00+ 0.0000E+00          -0.0000
      16  -.2020E+01+ 0.4892E-03 i    -.1481E+01+ -.6118E+04 i        0.0000E+00+ 0.0000E+00          -0.0000
      17  -.2019E+01+ 0.5301E-03 i    -.1605E+01+ -.6115E+04 i        0.0000E+00+ 0.0000E+00          -0.0000
      18  -.2004E+01+ 0.5079E-03 i    -.1538E+01+ -.6070E+04 i        0.0000E+00+ 0.0000E+00          -0.0000
      19  -.1976E+01+ 0.4646E-03 i    -.1407E+01+ -.5984E+04 i        0.0000E+00+ 0.0000E+00          -0.0000
      20  -.1938E+01+ 0.4039E-03 i    -.1223E+01+ -.5868E+04 i        0.0000E+00+ 0.0000E+00          -0.0000
      21  -.1895E+01+ 0.3356E-03 i    -.1016E+01+ -.5738E+04 i        0.0000E+00+ 0.0000E+00          -0.0000
      22  -.1855E+01+ 0.2822E-03 i    -.8547E+00+ -.5619E+04 i        0.0000E+00+ 0.0000E+00          -0.0000
      23  -.1827E+01+ 0.2720E-03 i    -.8237E+00+ -.5534E+04 i        0.0000E+00+ 0.0000E+00          -0.0000
      24  -.1813E+01+ 0.3210E-03 i    -.9721E+00+ -.5492E+04 i        0.0000E+00+ 0.0000E+00          -0.0000
      25  -.1810E+01+ 0.4337E-03 i    -.1313E+01+ -.5482E+04 i        0.0000E+00+ 0.0000E+00          -0.0000
      26  -.1782E+01+ 0.3972E-03 i    -.1203E+01+ -.5396E+04 i        0.0000E+00+ 0.0000E+00          -0.0000
      27  -.1731E+01+ 0.2555E-03 i    -.7739E+00+ -.5243E+04 i        0.0000E+00+ 0.0000E+00          -0.0000
      28  -.1681E+01+ 0.3855E-04 i    -.1167E+00+ -.5092E+04 i        0.0000E+00+ 0.0000E+00          -0.0000
      29  -.1681E+01+ 0.3855E-04 i    -.1167E+00+ -.5092E+04 i        0.0000E+00+ 0.0000E+00          -0.0000
      30  -.1731E+01+ 0.2555E-03 i    -.7739E+00+ -.5243E+04 i        0.0000E+00+ 0.0000E+00          -0.0000
      31  -.1782E+01+ 0.3972E-03 i    -.1203E+01+ -.5396E+04 i        0.0000E+00+ 0.0000E+00          -0.0000
      32  -.1810E+01+ 0.4337E-03 i    -.1313E+01+ -.5482E+04 i        0.0000E+00+ 0.0000E+00          -0.0000

    Sound pressure at the interior points

     index        Potential                    Pressure             Magnitude             Phase

       1  -.1777E+01+ 0.3587E-03 i    -.1086E+01+ -.5383E+04 i    0.1686E+03 dB          -1.5710
       2  -.1777E+01+ 0.3587E-03 i    -.1086E+01+ -.5383E+04 i    0.1686E+03 dB          -1.5710
       3  -.1984E+01+ 0.4169E-03 i    -.1263E+01+ -.6008E+04 i    0.1696E+03 dB          -1.5710
       4  -.1984E+01+ 0.4169E-03 i    -.1263E+01+ -.6008E+04 i    0.1696E+03 dB          -1.5710
       5  -.1845E+01+ 0.3876E-03 i    -.1174E+01+ -.5587E+04 i    0.1689E+03 dB          -1.5710

